-- Found ament_cmake: 1.3.10 (/opt/ros/humble/share/ament_cmake/cmake)
-- Found ament_lint_auto: 0.12.11 (/opt/ros/humble/share/ament_lint_auto/cmake)
-- Found geometry_msgs: 4.2.4 (/opt/ros/humble/share/geometry_msgs/cmake)
-- Found rosidl_generator_c: 3.1.5 (/opt/ros/humble/share/rosidl_generator_c/cmake)
-- Found rosidl_adapter: 3.1.5 (/opt/ros/humble/share/rosidl_adapter/cmake)
-- Found rosidl_generator_cpp: 3.1.5 (/opt/ros/humble/share/rosidl_generator_cpp/cmake)
-- Using all available rosidl_typesupport_c: rosidl_typesupport_fastrtps_c;rosidl_typesupport_introspection_c
-- Using all available rosidl_typesupport_cpp: rosidl_typesupport_fastrtps_cpp;rosidl_typesupport_introspection_cpp
-- Found rosidl_default_generators: 1.2.0 (/opt/ros/humble/share/rosidl_default_generators/cmake)
-- Found ament_cmake_ros: 0.10.0 (/opt/ros/humble/share/ament_cmake_ros/cmake)
-- Using all available rosidl_typesupport_c: rosidl_typesupport_fastrtps_c;rosidl_typesupport_introspection_c
-- Using all available rosidl_typesupport_cpp: rosidl_typesupport_fastrtps_cpp;rosidl_typesupport_introspection_cpp
-- Found python_cmake_module: 0.10.0 (/opt/ros/humble/share/python_cmake_module/cmake)
-- Using PYTHON_EXECUTABLE: /usr/bin/python3
-- Using PYTHON_INCLUDE_DIRS: /usr/include/python3.10
-- Using PYTHON_LIBRARIES: /usr/lib/x86_64-linux-gnu/libpython3.10.so
-- Found rclcpp: 16.0.10 (/opt/ros/humble/share/rclcpp/cmake)
-- Found rmw_implementation_cmake: 6.1.2 (/opt/ros/humble/share/rmw_implementation_cmake/cmake)
-- Found rmw_fastrtps_cpp: 6.2.7 (/opt/ros/humble/share/rmw_fastrtps_cpp/cmake)
-- Using RMW implementation 'rmw_fastrtps_cpp' as default
-- Found full_name: 0.0.0 (/home/user/robotics/ex09/full_name/install/full_name/share/full_name/cmake)
-- Added test 'cppcheck' to perform static code analysis on C / C++ code
-- Configured cppcheck include dirs: $<BUILD_INTERFACE:/home/user/robotics/ex09/full_name/build/full_name/rosidl_generator_c>;$<BUILD_INTERFACE:/home/user/robotics/ex09/full_name/build/full_name/rosidl_typesupport_fastrtps_c>;$<BUILD_INTERFACE:/home/user/robotics/ex09/full_name/build/full_name/rosidl_generator_cpp>;$<BUILD_INTERFACE:/home/user/robotics/ex09/full_name/build/full_name/rosidl_typesupport_fastrtps_cpp>;$<BUILD_INTERFACE:/home/user/robotics/ex09/full_name/build/full_name/rosidl_typesupport_introspection_c>;$<BUILD_INTERFACE:/home/user/robotics/ex09/full_name/build/full_name/rosidl_typesupport_introspection_cpp>;/home/user/robotics/ex09/full_name/build/full_name/rosidl_generator_c;/home/user/robotics/ex09/full_name/build/full_name/rosidl_generator_py;/home/user/robotics/ex09/full_name/install/full_name/include/full_name
-- Configured cppcheck exclude dirs and/or files: 
-- Added test 'flake8' to check Python code syntax and style conventions
-- Added test 'lint_cmake' to check CMake code style
-- Added test 'pep257' to check Python code against some of the docstring style conventions in PEP 257
-- Added test 'uncrustify' to check C / C++ code style
-- Configured uncrustify additional arguments: 
-- Added test 'xmllint' to check XML markup files
-- Configuring done
[33mCMake Warning at CMakeLists.txt:37 (add_executable):
  Cannot generate a safe runtime search path for target talker because there
  is a cycle in the constraint graph:

    dir 0 is [/opt/ros/humble/lib]
    dir 1 is [/home/user/robotics/ex09/full_name/install/full_name/lib]
      dir 2 must precede it due to runtime library [libfull_name__rosidl_typesupport_introspection_c.so]
    dir 2 is [/home/user/robotics/ex09/full_name/build/full_name]
      dir 1 must precede it due to runtime library [libfull_name__rosidl_typesupport_fastrtps_c.so]

  Some of these libraries may not be found correctly.

[0m
[33mCMake Warning at CMakeLists.txt:40 (add_executable):
  Cannot generate a safe runtime search path for target listener because
  there is a cycle in the constraint graph:

    dir 0 is [/opt/ros/humble/lib]
    dir 1 is [/home/user/robotics/ex09/full_name/install/full_name/lib]
      dir 2 must precede it due to runtime library [libfull_name__rosidl_typesupport_introspection_c.so]
    dir 2 is [/home/user/robotics/ex09/full_name/build/full_name]
      dir 1 must precede it due to runtime library [libfull_name__rosidl_typesupport_fastrtps_c.so]

  Some of these libraries may not be found correctly.

[0m
-- Generating done
-- Build files have been written to: /home/user/robotics/ex09/full_name/build/full_name
[35m[1mConsolidate compiler generated dependencies of target full_name__rosidl_generator_c[0m
[  2%] Built target full_name__cpp
[ 11%] Built target full_name__rosidl_generator_c
[35m[1mConsolidate compiler generated dependencies of target full_name__rosidl_typesupport_cpp[0m
[35m[1mConsolidate compiler generated dependencies of target full_name__rosidl_typesupport_introspection_cpp[0m
[35m[1mConsolidate compiler generated dependencies of target full_name__rosidl_typesupport_fastrtps_cpp[0m
[35m[1mConsolidate compiler generated dependencies of target full_name__rosidl_typesupport_c[0m
[35m[1mConsolidate compiler generated dependencies of target full_name__rosidl_typesupport_introspection_c[0m
[35m[1mConsolidate compiler generated dependencies of target full_name__rosidl_typesupport_fastrtps_c[0m
[ 11%] Built target ament_cmake_python_copy_full_name
[ 20%] Built target full_name__rosidl_typesupport_introspection_cpp
[ 30%] Built target full_name__rosidl_typesupport_introspection_c
[ 39%] Built target full_name__rosidl_typesupport_c
[ 48%] Built target full_name__rosidl_typesupport_cpp
[ 58%] Built target full_name__rosidl_typesupport_fastrtps_cpp
[ 67%] Built target full_name__rosidl_typesupport_fastrtps_c
[ 69%] [32mBuilding CXX object CMakeFiles/talker.dir/src/client/full_name_client.cpp.o[0m
[ 72%] [32mBuilding CXX object CMakeFiles/listener.dir/src/server/full_name_server.cpp.o[0m
[ 72%] Built target full_name
[ 74%] Built target full_name__py
[35m[1mConsolidate compiler generated dependencies of target full_name__rosidl_generator_py[0m
[ 81%] Built target full_name__rosidl_generator_py
[35m[1mConsolidate compiler generated dependencies of target full_name__rosidl_typesupport_fastrtps_c__pyext[0m
[35m[1mConsolidate compiler generated dependencies of target full_name__rosidl_typesupport_introspection_c__pyext[0m
[35m[1mConsolidate compiler generated dependencies of target full_name__rosidl_typesupport_c__pyext[0m
[ 86%] Built target full_name__rosidl_typesupport_fastrtps_c__pyext
[ 90%] Built target full_name__rosidl_typesupport_introspection_c__pyext
[ 95%] Built target full_name__rosidl_typesupport_c__pyext
running egg_info
writing full_name.egg-info/PKG-INFO
writing dependency_links to full_name.egg-info/dependency_links.txt
writing top-level names to full_name.egg-info/top_level.txt
reading manifest file 'full_name.egg-info/SOURCES.txt'
writing manifest file 'full_name.egg-info/SOURCES.txt'
[ 95%] Built target ament_cmake_python_build_full_name_egg
[01m[K/home/user/robotics/ex09/full_name/src/client/full_name_client.cpp:2:10:[m[K [01;31m[Kfatal error: [m[Kmy_fullname_pkg/srv/full_name_sum_service.hpp: No such file or directory
    2 | #include [01;31m[K"my_fullname_pkg/srv/full_name_sum_service.hpp"[m[K
      |          [01;31m[K^~~~~~~~~~~~~~~~~~~~~~~~~~~~~~~~~~~~~~~~~~~~~~~[m[K
[01m[K/home/user/robotics/ex09/full_name/src/server/full_name_server.cpp:2:10:[m[K [01;31m[Kfatal error: [m[Kmy_fullname_pkg/srv/full_name_sum_service.hpp: No such file or directory
    2 | #include [01;31m[K"my_fullname_pkg/srv/full_name_sum_service.hpp"[m[K
      |          [01;31m[K^~~~~~~~~~~~~~~~~~~~~~~~~~~~~~~~~~~~~~~~~~~~~~~[m[K
compilation terminated.
compilation terminated.
gmake[2]: *** [CMakeFiles/listener.dir/build.make:76: CMakeFiles/listener.dir/src/server/full_name_server.cpp.o] Error 1
gmake[2]: *** [CMakeFiles/talker.dir/build.make:76: CMakeFiles/talker.dir/src/client/full_name_client.cpp.o] Error 1
gmake[1]: *** [CMakeFiles/Makefile2:626: CMakeFiles/listener.dir/all] Error 2
gmake[1]: *** Waiting for unfinished jobs....
gmake[1]: *** [CMakeFiles/Makefile2:597: CMakeFiles/talker.dir/all] Error 2
gmake: *** [Makefile:146: all] Error 2
