[0.020s] Invoking command in '/home/user/robotics/ex09/full_name/build/full_name': CMAKE_PREFIX_PATH=${CMAKE_PREFIX_PATH}:/opt/ros/humble /usr/bin/cmake --build /home/user/robotics/ex09/full_name/build/full_name -- -j12 -l12
[0.152s] -- Found ament_cmake: 1.3.10 (/opt/ros/humble/share/ament_cmake/cmake)
[0.287s] -- Found ament_lint_auto: 0.12.11 (/opt/ros/humble/share/ament_lint_auto/cmake)
[0.342s] -- Found geometry_msgs: 4.2.4 (/opt/ros/humble/share/geometry_msgs/cmake)
[0.484s] -- Found rosidl_generator_c: 3.1.5 (/opt/ros/humble/share/rosidl_generator_c/cmake)
[0.488s] -- Found rosidl_adapter: 3.1.5 (/opt/ros/humble/share/rosidl_adapter/cmake)
[0.500s] -- Found rosidl_generator_cpp: 3.1.5 (/opt/ros/humble/share/rosidl_generator_cpp/cmake)
[0.519s] -- Using all available rosidl_typesupport_c: rosidl_typesupport_fastrtps_c;rosidl_typesupport_introspection_c
[0.539s] -- Using all available rosidl_typesupport_cpp: rosidl_typesupport_fastrtps_cpp;rosidl_typesupport_introspection_cpp
[0.589s] -- Found rosidl_default_generators: 1.2.0 (/opt/ros/humble/share/rosidl_default_generators/cmake)
[0.729s] -- Found ament_cmake_ros: 0.10.0 (/opt/ros/humble/share/ament_cmake_ros/cmake)
[0.931s] -- Using all available rosidl_typesupport_c: rosidl_typesupport_fastrtps_c;rosidl_typesupport_introspection_c
[1.006s] -- Using all available rosidl_typesupport_cpp: rosidl_typesupport_fastrtps_cpp;rosidl_typesupport_introspection_cpp
[1.022s] -- Found python_cmake_module: 0.10.0 (/opt/ros/humble/share/python_cmake_module/cmake)
[1.040s] -- Using PYTHON_EXECUTABLE: /usr/bin/python3
[1.040s] -- Using PYTHON_INCLUDE_DIRS: /usr/include/python3.10
[1.040s] -- Using PYTHON_LIBRARIES: /usr/lib/x86_64-linux-gnu/libpython3.10.so
[1.049s] -- Found rclcpp: 16.0.10 (/opt/ros/humble/share/rclcpp/cmake)
[1.103s] -- Found rmw_implementation_cmake: 6.1.2 (/opt/ros/humble/share/rmw_implementation_cmake/cmake)
[1.107s] -- Found rmw_fastrtps_cpp: 6.2.7 (/opt/ros/humble/share/rmw_fastrtps_cpp/cmake)
[4.181s] -- Using RMW implementation 'rmw_fastrtps_cpp' as default
[4.245s] -- Found full_name: 0.0.0 (/home/user/robotics/ex09/full_name/install/full_name/share/full_name/cmake)
[4.298s] -- Added test 'cppcheck' to perform static code analysis on C / C++ code
[4.299s] -- Configured cppcheck include dirs: $<BUILD_INTERFACE:/home/user/robotics/ex09/full_name/build/full_name/rosidl_generator_c>;$<BUILD_INTERFACE:/home/user/robotics/ex09/full_name/build/full_name/rosidl_typesupport_fastrtps_c>;$<BUILD_INTERFACE:/home/user/robotics/ex09/full_name/build/full_name/rosidl_generator_cpp>;$<BUILD_INTERFACE:/home/user/robotics/ex09/full_name/build/full_name/rosidl_typesupport_fastrtps_cpp>;$<BUILD_INTERFACE:/home/user/robotics/ex09/full_name/build/full_name/rosidl_typesupport_introspection_c>;$<BUILD_INTERFACE:/home/user/robotics/ex09/full_name/build/full_name/rosidl_typesupport_introspection_cpp>;/home/user/robotics/ex09/full_name/build/full_name/rosidl_generator_c;/home/user/robotics/ex09/full_name/build/full_name/rosidl_generator_py;/home/user/robotics/ex09/full_name/install/full_name/include/full_name
[4.299s] -- Configured cppcheck exclude dirs and/or files: 
[4.304s] -- Added test 'flake8' to check Python code syntax and style conventions
[4.312s] -- Added test 'lint_cmake' to check CMake code style
[4.317s] -- Added test 'pep257' to check Python code against some of the docstring style conventions in PEP 257
[4.349s] -- Added test 'uncrustify' to check C / C++ code style
[4.349s] -- Configured uncrustify additional arguments: 
[4.353s] -- Added test 'xmllint' to check XML markup files
[4.371s] -- Configuring done
[4.448s] [33mCMake Warning at CMakeLists.txt:37 (add_executable):
[4.448s]   Cannot generate a safe runtime search path for target talker because there
[4.448s]   is a cycle in the constraint graph:
[4.448s] 
[4.448s]     dir 0 is [/opt/ros/humble/lib]
[4.448s]     dir 1 is [/home/user/robotics/ex09/full_name/install/full_name/lib]
[4.448s]       dir 2 must precede it due to runtime library [libfull_name__rosidl_typesupport_introspection_c.so]
[4.448s]     dir 2 is [/home/user/robotics/ex09/full_name/build/full_name]
[4.448s]       dir 1 must precede it due to runtime library [libfull_name__rosidl_typesupport_fastrtps_c.so]
[4.448s] 
[4.448s]   Some of these libraries may not be found correctly.
[4.448s] 
[4.448s] [0m
[4.451s] [33mCMake Warning at CMakeLists.txt:40 (add_executable):
[4.451s]   Cannot generate a safe runtime search path for target listener because
[4.451s]   there is a cycle in the constraint graph:
[4.451s] 
[4.451s]     dir 0 is [/opt/ros/humble/lib]
[4.451s]     dir 1 is [/home/user/robotics/ex09/full_name/install/full_name/lib]
[4.451s]       dir 2 must precede it due to runtime library [libfull_name__rosidl_typesupport_introspection_c.so]
[4.451s]     dir 2 is [/home/user/robotics/ex09/full_name/build/full_name]
[4.451s]       dir 1 must precede it due to runtime library [libfull_name__rosidl_typesupport_fastrtps_c.so]
[4.451s] 
[4.451s]   Some of these libraries may not be found correctly.
[4.451s] 
[4.452s] [0m
[4.469s] -- Generating done
[4.475s] -- Build files have been written to: /home/user/robotics/ex09/full_name/build/full_name
[4.508s] [35m[1mConsolidate compiler generated dependencies of target full_name__rosidl_generator_c[0m
[4.511s] [  2%] Built target full_name__cpp
[4.516s] [ 11%] Built target full_name__rosidl_generator_c
[4.522s] [35m[1mConsolidate compiler generated dependencies of target full_name__rosidl_typesupport_cpp[0m
[4.522s] [35m[1mConsolidate compiler generated dependencies of target full_name__rosidl_typesupport_introspection_cpp[0m
[4.522s] [35m[1mConsolidate compiler generated dependencies of target full_name__rosidl_typesupport_fastrtps_cpp[0m
[4.523s] [35m[1mConsolidate compiler generated dependencies of target full_name__rosidl_typesupport_c[0m
[4.524s] [35m[1mConsolidate compiler generated dependencies of target full_name__rosidl_typesupport_introspection_c[0m
[4.524s] [35m[1mConsolidate compiler generated dependencies of target full_name__rosidl_typesupport_fastrtps_c[0m
[4.531s] [ 11%] Built target ament_cmake_python_copy_full_name
[4.532s] [ 20%] Built target full_name__rosidl_typesupport_introspection_cpp
[4.532s] [ 30%] Built target full_name__rosidl_typesupport_introspection_c
[4.533s] [ 39%] Built target full_name__rosidl_typesupport_c
[4.533s] [ 48%] Built target full_name__rosidl_typesupport_cpp
[4.534s] [ 58%] Built target full_name__rosidl_typesupport_fastrtps_cpp
[4.536s] [ 67%] Built target full_name__rosidl_typesupport_fastrtps_c
[4.545s] [ 69%] [32mBuilding CXX object CMakeFiles/talker.dir/src/client/full_name_client.cpp.o[0m
[4.545s] [ 72%] [32mBuilding CXX object CMakeFiles/listener.dir/src/server/full_name_server.cpp.o[0m
[4.550s] [ 72%] Built target full_name
[4.563s] [ 74%] Built target full_name__py
[4.571s] [35m[1mConsolidate compiler generated dependencies of target full_name__rosidl_generator_py[0m
[4.581s] [ 81%] Built target full_name__rosidl_generator_py
[4.589s] [35m[1mConsolidate compiler generated dependencies of target full_name__rosidl_typesupport_fastrtps_c__pyext[0m
[4.589s] [35m[1mConsolidate compiler generated dependencies of target full_name__rosidl_typesupport_introspection_c__pyext[0m
[4.589s] [35m[1mConsolidate compiler generated dependencies of target full_name__rosidl_typesupport_c__pyext[0m
[4.598s] [ 86%] Built target full_name__rosidl_typesupport_fastrtps_c__pyext
[4.599s] [ 90%] Built target full_name__rosidl_typesupport_introspection_c__pyext
[4.599s] [ 95%] Built target full_name__rosidl_typesupport_c__pyext
[4.695s] running egg_info
[4.695s] writing full_name.egg-info/PKG-INFO
[4.696s] writing dependency_links to full_name.egg-info/dependency_links.txt
[4.696s] writing top-level names to full_name.egg-info/top_level.txt
[4.699s] reading manifest file 'full_name.egg-info/SOURCES.txt'
[4.700s] writing manifest file 'full_name.egg-info/SOURCES.txt'
[4.718s] [ 95%] Built target ament_cmake_python_build_full_name_egg
[5.244s] [01m[K/home/user/robotics/ex09/full_name/src/client/full_name_client.cpp:2:10:[m[K [01;31m[Kfatal error: [m[Kmy_fullname_pkg/srv/full_name_sum_service.hpp: No such file or directory
[5.244s]     2 | #include [01;31m[K"my_fullname_pkg/srv/full_name_sum_service.hpp"[m[K
[5.244s]       |          [01;31m[K^~~~~~~~~~~~~~~~~~~~~~~~~~~~~~~~~~~~~~~~~~~~~~~[m[K
[5.244s] [01m[K/home/user/robotics/ex09/full_name/src/server/full_name_server.cpp:2:10:[m[K [01;31m[Kfatal error: [m[Kmy_fullname_pkg/srv/full_name_sum_service.hpp: No such file or directory
[5.244s]     2 | #include [01;31m[K"my_fullname_pkg/srv/full_name_sum_service.hpp"[m[K
[5.244s]       |          [01;31m[K^~~~~~~~~~~~~~~~~~~~~~~~~~~~~~~~~~~~~~~~~~~~~~~[m[K
[5.244s] compilation terminated.
[5.244s] compilation terminated.
[5.247s] gmake[2]: *** [CMakeFiles/listener.dir/build.make:76: CMakeFiles/listener.dir/src/server/full_name_server.cpp.o] Error 1
[5.247s] gmake[2]: *** [CMakeFiles/talker.dir/build.make:76: CMakeFiles/talker.dir/src/client/full_name_client.cpp.o] Error 1
[5.247s] gmake[1]: *** [CMakeFiles/Makefile2:626: CMakeFiles/listener.dir/all] Error 2
[5.247s] gmake[1]: *** Waiting for unfinished jobs....
[5.247s] gmake[1]: *** [CMakeFiles/Makefile2:597: CMakeFiles/talker.dir/all] Error 2
[5.248s] gmake: *** [Makefile:146: all] Error 2
[5.249s] Invoked command in '/home/user/robotics/ex09/full_name/build/full_name' returned '2': CMAKE_PREFIX_PATH=${CMAKE_PREFIX_PATH}:/opt/ros/humble /usr/bin/cmake --build /home/user/robotics/ex09/full_name/build/full_name -- -j12 -l12
