[0.017s] Invoking command in '/home/user/robotics/ex09/full_name/build/full_name': CMAKE_PREFIX_PATH=${CMAKE_PREFIX_PATH}:/opt/ros/humble /usr/bin/cmake --build /home/user/robotics/ex09/full_name/build/full_name -- -j12 -l12
[0.168s] [  2%] Built target full_name__cpp
[0.169s] [ 11%] Built target full_name__rosidl_generator_c
[0.191s] [ 11%] Built target ament_cmake_python_copy_full_name
[0.192s] [ 20%] Built target full_name__rosidl_typesupport_cpp
[0.193s] [ 30%] Built target full_name__rosidl_typesupport_introspection_c
[0.194s] [ 39%] Built target full_name__rosidl_typesupport_c
[0.195s] [ 48%] Built target full_name__rosidl_typesupport_fastrtps_cpp
[0.196s] [ 58%] Built target full_name__rosidl_typesupport_introspection_cpp
[0.197s] [ 67%] Built target full_name__rosidl_typesupport_fastrtps_c
[0.211s] [ 72%] [32mBuilding CXX object CMakeFiles/talker.dir/src/client/full_name_client.cpp.o[0m
[0.211s] [ 72%] Built target full_name
[0.211s] [ 72%] [32mBuilding CXX object CMakeFiles/listener.dir/src/server/full_name_server.cpp.o[0m
[0.232s] [ 74%] Built target full_name__py
[0.260s] [ 81%] Built target full_name__rosidl_generator_py
[0.284s] [ 95%] Built target full_name__rosidl_typesupport_introspection_c__pyext
[0.284s] [ 95%] Built target full_name__rosidl_typesupport_fastrtps_c__pyext
[0.284s] [ 95%] Built target full_name__rosidl_typesupport_c__pyext
[0.352s] running egg_info
[0.352s] writing full_name.egg-info/PKG-INFO
[0.352s] writing dependency_links to full_name.egg-info/dependency_links.txt
[0.352s] writing top-level names to full_name.egg-info/top_level.txt
[0.361s] reading manifest file 'full_name.egg-info/SOURCES.txt'
[0.362s] writing manifest file 'full_name.egg-info/SOURCES.txt'
[0.381s] [ 95%] Built target ament_cmake_python_build_full_name_egg
[2.421s] [01m[K/home/user/robotics/ex09/full_name/src/client/full_name_client.cpp:[m[K In function â€˜[01m[Kint main(int, char**)[m[Kâ€™:
[2.421s] [01m[K/home/user/robotics/ex09/full_name/src/client/full_name_client.cpp:19:37:[m[K [01;31m[Kerror: [m[Kâ€˜[01m[Kmy_fullname_pkg[m[Kâ€™ was not declared in this scope
[2.421s]    19 |   auto client = node->create_client<[01;31m[Kmy_fullname_pkg[m[K::srv::FullNameSumService>("full_name_service");
[2.421s]       |                                     [01;31m[K^~~~~~~~~~~~~~~[m[K
[2.422s] [01m[K/home/user/robotics/ex09/full_name/src/client/full_name_client.cpp:19:23:[m[K [01;31m[Kerror: [m[Kparse error in template argument list
[2.422s]    19 |   auto client = node->[01;31m[Kcreate_client<my_fullname_pkg::srv::FullNameSumService>[m[K("full_name_service");
[2.422s]       |                       [01;31m[K^~~~~~~~~~~~~~~~~~~~~~~~~~~~~~~~~~~~~~~~~~~~~~~~~~~~~~~[m[K
[2.422s] [01m[K/home/user/robotics/ex09/full_name/src/client/full_name_client.cpp:19:78:[m[K [01;31m[Kerror: [m[Kno matching function for call to â€˜[01m[Krclcpp::Node::create_client<<expression error> >(const char [18])[m[Kâ€™
[2.422s]    19 |   auto client = [01;31m[Knode->create_client<my_fullname_pkg::srv::FullNameSumService>("full_name_service")[m[K;
[2.422s]       |                 [01;31m[K~~~~~~~~~~~~~~~~~~~~~~~~~~~~~~~~~~~~~~~~~~~~~~~~~~~~~~~~~~~~~^~~~~~~~~~~~~~~~~~~~~[m[K
[2.422s] In file included from [01m[K/opt/ros/humble/include/rclcpp/rclcpp/executors/single_threaded_executor.hpp:28[m[K,
[2.422s]                  from [01m[K/opt/ros/humble/include/rclcpp/rclcpp/executors.hpp:22[m[K,
[2.422s]                  from [01m[K/opt/ros/humble/include/rclcpp/rclcpp/rclcpp.hpp:155[m[K,
[2.422s]                  from [01m[K/home/user/robotics/ex09/full_name/src/client/full_name_client.cpp:1[m[K:
[2.423s] [01m[K/opt/ros/humble/include/rclcpp/rclcpp/node.hpp:252:3:[m[K [01;36m[Knote: [m[Kcandidate: â€˜[01m[Ktemplate<class ServiceT> typename rclcpp::Client<ServiceT>::SharedPtr rclcpp::Node::create_client(const string&, const rmw_qos_profile_t&, rclcpp::CallbackGroup::SharedPtr)[m[Kâ€™
[2.423s]   252 |   [01;36m[Kcreate_client[m[K(
[2.423s]       |   [01;36m[K^~~~~~~~~~~~~[m[K
[2.423s] [01m[K/opt/ros/humble/include/rclcpp/rclcpp/node.hpp:252:3:[m[K [01;36m[Knote: [m[K  template argument deduction/substitution failed:
[2.423s] [01m[K/home/user/robotics/ex09/full_name/src/client/full_name_client.cpp:19:78:[m[K [01;31m[Kerror: [m[Ktemplate argument 1 is invalid
[2.423s]    19 |   auto client = [01;31m[Knode->create_client<my_fullname_pkg::srv::FullNameSumService>("full_name_service")[m[K;
[2.423s]       |                 [01;31m[K~~~~~~~~~~~~~~~~~~~~~~~~~~~~~~~~~~~~~~~~~~~~~~~~~~~~~~~~~~~~~^~~~~~~~~~~~~~~~~~~~~[m[K
[2.423s] [01m[K/home/user/robotics/ex09/full_name/src/client/full_name_client.cpp:21:23:[m[K [01;31m[Kerror: [m[Kparse error in template argument list
[2.423s]    21 |   auto request = std::[01;31m[Kmake_shared<my_fullname_pkg::srv::FullNameSumService::Request>[m[K();
[2.423s]       |                       [01;31m[K^~~~~~~~~~~~~~~~~~~~~~~~~~~~~~~~~~~~~~~~~~~~~~~~~~~~~~~~~~~~~~[m[K
[2.423s] [01m[K/home/user/robotics/ex09/full_name/src/client/full_name_client.cpp:21:85:[m[K [01;31m[Kerror: [m[Kno matching function for call to â€˜[01m[Kmake_shared<my_fullname_pkg>()[m[Kâ€™
[2.423s]    21 |   auto request = [01;31m[Kstd::make_shared<my_fullname_pkg::srv::FullNameSumService::Request>()[m[K;
[2.423s]       |                  [01;31m[K~~~~~~~~~~~~~~~~~~~~~~~~~~~~~~~~~~~~~~~~~~~~~~~~~~~~~~~~~~~~~~~~~~~^~[m[K
[2.423s] In file included from [01m[K/usr/include/c++/11/memory:77[m[K,
[2.423s]                  from [01m[K/opt/ros/humble/include/rclcpp/rclcpp/rclcpp.hpp:153[m[K,
[2.423s]                  from [01m[K/home/user/robotics/ex09/full_name/src/client/full_name_client.cpp:1[m[K:
[2.423s] [01m[K/usr/include/c++/11/bits/shared_ptr.h:875:5:[m[K [01;36m[Knote: [m[Kcandidate: â€˜[01m[Ktemplate<class _Tp, class ... _Args> std::shared_ptr<_Tp> std::make_shared(_Args&& ...)[m[Kâ€™
[2.423s]   875 |     [01;36m[Kmake_shared[m[K(_Args&&... __args)
[2.423s]       |     [01;36m[K^~~~~~~~~~~[m[K
[2.424s] [01m[K/usr/include/c++/11/bits/shared_ptr.h:875:5:[m[K [01;36m[Knote: [m[K  template argument deduction/substitution failed:
[2.426s] [01m[K/home/user/robotics/ex09/full_name/src/server/full_name_server.cpp:6:25:[m[K [01;31m[Kerror: [m[Kâ€˜[01m[Kmy_fullname_pkg[m[Kâ€™ was not declared in this scope
[2.426s]     6 |   const std::shared_ptr<[01;31m[Kmy_fullname_pkg[m[K::srv::FullNameSumService::Request> request,
[2.426s]       |                         [01;31m[K^~~~~~~~~~~~~~~[m[K
[2.426s] [01m[K/home/user/robotics/ex09/full_name/src/server/full_name_server.cpp:6:74:[m[K [01;31m[Kerror: [m[Ktemplate argument 1 is invalid
[2.426s]     6 |   const std::shared_ptr<my_fullname_pkg::srv::FullNameSumService::Request[01;31m[K>[m[K request,
[2.426s]       |                                                                          [01;31m[K^[m[K
[2.429s] [01m[K/home/user/robotics/ex09/full_name/src/server/full_name_server.cpp:6:25:[m[K [01;31m[Kerror: [m[Kâ€˜[01m[Kmy_fullname_pkg[m[Kâ€™ was not declared in this scope
[2.429s]     6 |   const std::shared_ptr<[01;31m[Kmy_fullname_pkg[m[K::srv::FullNameSumService::Request> request,
[2.429s]       |                         [01;31m[K^~~~~~~~~~~~~~~[m[K
[2.430s] [01m[K/home/user/robotics/ex09/full_name/src/server/full_name_server.cpp:6:74:[m[K [01;31m[Kerror: [m[Ktemplate argument 1 is invalid
[2.430s]     6 |   const std::shared_ptr<my_fullname_pkg::srv::FullNameSumService::Request[01;31m[K>[m[K request,
[2.430s]       |                                                                          [01;31m[K^[m[K
[2.433s] [01m[K/home/user/robotics/ex09/full_name/src/server/full_name_server.cpp:6:25:[m[K [01;31m[Kerror: [m[Kâ€˜[01m[Kmy_fullname_pkg[m[Kâ€™ was not declared in this scope
[2.433s]     6 |   const std::shared_ptr<[01;31m[Kmy_fullname_pkg[m[K::srv::FullNameSumService::Request> request,
[2.433s]       |                         [01;31m[K^~~~~~~~~~~~~~~[m[K
[2.433s] [01m[K/home/user/robotics/ex09/full_name/src/server/full_name_server.cpp:6:74:[m[K [01;31m[Kerror: [m[Ktemplate argument 1 is invalid
[2.433s]     6 |   const std::shared_ptr<my_fullname_pkg::srv::FullNameSumService::Request[01;31m[K>[m[K request,
[2.433s]       |                                                                          [01;31m[K^[m[K
[2.433s] [01m[K/home/user/robotics/ex09/full_name/src/server/full_name_server.cpp:6:9:[m[K [01;31m[Kerror: [m[Kinvalid template-id
[2.433s]     6 |   const [01;31m[Kstd[m[K::shared_ptr<my_fullname_pkg::srv::FullNameSumService::Request> request,
[2.433s]       |         [01;31m[K^~~[m[K
[2.436s] [01m[K/home/user/robotics/ex09/full_name/src/server/full_name_server.cpp:6:25:[m[K [01;31m[Kerror: [m[Kâ€˜[01m[Kmy_fullname_pkg[m[Kâ€™ was not declared in this scope
[2.436s]     6 |   const std::shared_ptr<[01;31m[Kmy_fullname_pkg[m[K::srv::FullNameSumService::Request> request,
[2.436s]       |                         [01;31m[K^~~~~~~~~~~~~~~[m[K
[2.436s] [01m[K/home/user/robotics/ex09/full_name/src/server/full_name_server.cpp:5:6:[m[K [01;31m[Kerror: [m[Kvariable or field â€˜[01m[Khandle_full_name_request[m[Kâ€™ declared void
[2.436s]     5 | void [01;31m[Khandle_full_name_request[m[K(
[2.436s]       |      [01;31m[K^~~~~~~~~~~~~~~~~~~~~~~~[m[K
[2.436s] [01m[K/home/user/robotics/ex09/full_name/src/server/full_name_server.cpp:6:3:[m[K [01;31m[Kerror: [m[Kexpected primary-expression before â€˜[01m[Kconst[m[Kâ€™
[2.436s]     6 |   [01;31m[Kconst[m[K std::shared_ptr<my_fullname_pkg::srv::FullNameSumService::Request> request,
[2.436s]       |   [01;31m[K^~~~~[m[K
[2.439s] [01m[K/home/user/robotics/ex09/full_name/src/server/full_name_server.cpp:7:19:[m[K [01;31m[Kerror: [m[Kâ€˜[01m[Kmy_fullname_pkg[m[Kâ€™ was not declared in this scope
[2.439s]     7 |   std::shared_ptr<[01;31m[Kmy_fullname_pkg[m[K::srv::FullNameSumService::Response> response)
[2.439s]       |                   [01;31m[K^~~~~~~~~~~~~~~[m[K
[2.439s] [01m[K/home/user/robotics/ex09/full_name/src/server/full_name_server.cpp:7:69:[m[K [01;31m[Kerror: [m[Ktemplate argument 1 is invalid
[2.439s]     7 |   std::shared_ptr<my_fullname_pkg::srv::FullNameSumService::Response[01;31m[K>[m[K response)
[2.439s]       |                                                                     [01;31m[K^[m[K
[2.442s] [01m[K/home/user/robotics/ex09/full_name/src/server/full_name_server.cpp:[m[K In function â€˜[01m[Kint main(int, char**)[m[Kâ€™:
[2.442s] [01m[K/home/user/robotics/ex09/full_name/src/server/full_name_server.cpp:19:39:[m[K [01;31m[Kerror: [m[Kâ€˜[01m[Kmy_fullname_pkg[m[Kâ€™ was not declared in this scope
[2.442s]    19 |   auto service = node->create_service<[01;31m[Kmy_fullname_pkg[m[K::srv::FullNameSumService>("full_name_service", handle_full_name_request);
[2.442s]       |                                       [01;31m[K^~~~~~~~~~~~~~~[m[K
[2.442s] [01m[K/home/user/robotics/ex09/full_name/src/server/full_name_server.cpp:19:24:[m[K [01;31m[Kerror: [m[Kparse error in template argument list
[2.442s]    19 |   auto service = node->[01;31m[Kcreate_service<my_fullname_pkg::srv::FullNameSumService>[m[K("full_name_service", handle_full_name_request);
[2.442s]       |                        [01;31m[K^~~~~~~~~~~~~~~~~~~~~~~~~~~~~~~~~~~~~~~~~~~~~~~~~~~~~~~~[m[K
[2.446s] [01m[K/home/user/robotics/ex09/full_name/src/server/full_name_server.cpp:19:102:[m[K [01;31m[Kerror: [m[Kâ€˜[01m[Khandle_full_name_request[m[Kâ€™ was not declared in this scope
[2.446s]    19 |   auto service = node->create_service<my_fullname_pkg::srv::FullNameSumService>("full_name_service", [01;31m[Khandle_full_name_request[m[K);
[2.446s]       |                                                                                                      [01;31m[K^~~~~~~~~~~~~~~~~~~~~~~~[m[K
[2.746s] gmake[2]: *** [CMakeFiles/talker.dir/build.make:76: CMakeFiles/talker.dir/src/client/full_name_client.cpp.o] Error 1
[2.747s] gmake[1]: *** [CMakeFiles/Makefile2:597: CMakeFiles/talker.dir/all] Error 2
[2.747s] gmake[1]: *** Waiting for unfinished jobs....
[2.755s] gmake[2]: *** [CMakeFiles/listener.dir/build.make:76: CMakeFiles/listener.dir/src/server/full_name_server.cpp.o] Error 1
[2.755s] gmake[1]: *** [CMakeFiles/Makefile2:626: CMakeFiles/listener.dir/all] Error 2
[2.756s] gmake: *** [Makefile:146: all] Error 2
[2.758s] Invoked command in '/home/user/robotics/ex09/full_name/build/full_name' returned '2': CMAKE_PREFIX_PATH=${CMAKE_PREFIX_PATH}:/opt/ros/humble /usr/bin/cmake --build /home/user/robotics/ex09/full_name/build/full_name -- -j12 -l12
