[0.000000] (-) TimerEvent: {}
[0.000496] (full_name) JobQueued: {'identifier': 'full_name', 'dependencies': OrderedDict()}
[0.000704] (full_name) JobStarted: {'identifier': 'full_name'}
[0.014918] (full_name) JobProgress: {'identifier': 'full_name', 'progress': 'cmake'}
[0.018354] (full_name) JobProgress: {'identifier': 'full_name', 'progress': 'build'}
[0.018953] (full_name) Command: {'cmd': ['/usr/bin/cmake', '--build', '/home/user/robotics/ex09/full_name/build/full_name', '--', '-j12', '-l12'], 'cwd': '/home/user/robotics/ex09/full_name/build/full_name', 'env': OrderedDict([('LESSOPEN', '| /usr/bin/lesspipe %s'), ('USER', 'user'), ('GIT_ASKPASS', '/home/user/.vscode-server/bin/38c31bc77e0dd6ae88a4e9cc93428cc27a56ba40/extensions/git/dist/askpass.sh'), ('SHLVL', '1'), ('LD_LIBRARY_PATH', '/home/user/ros2_ws/install/turtlesim/lib:/opt/ros/humble/opt/rviz_ogre_vendor/lib:/opt/ros/humble/lib/x86_64-linux-gnu:/opt/ros/humble/lib'), ('HOME', '/home/user'), ('OLDPWD', '/home/user/robotics/ex09'), ('TERM_PROGRAM_VERSION', '1.93.1'), ('VSCODE_IPC_HOOK_CLI', '/run/user/1000/vscode-ipc-dc542847-fd8c-4439-ad76-c28e19eacfaa.sock'), ('ROS_PYTHON_VERSION', '3'), ('VSCODE_GIT_ASKPASS_MAIN', '/home/user/.vscode-server/bin/38c31bc77e0dd6ae88a4e9cc93428cc27a56ba40/extensions/git/dist/askpass-main.js'), ('VSCODE_GIT_ASKPASS_NODE', '/home/user/.vscode-server/bin/38c31bc77e0dd6ae88a4e9cc93428cc27a56ba40/node'), ('DBUS_SESSION_BUS_ADDRESS', 'unix:path=/run/user/1000/bus'), ('COLORTERM', 'truecolor'), ('WSL_DISTRO_NAME', 'Ubuntu'), ('_colcon_cd_root', '/opt/ros/humble/'), ('WAYLAND_DISPLAY', 'wayland-0'), ('COLCON_PREFIX_PATH', '/home/user/ros2_ws/install'), ('ROS_DISTRO', 'humble'), ('LOGNAME', 'user'), ('NAME', 'DESKTOP-ESM0UAN'), ('WSL_INTEROP', '/run/WSL/19246_interop'), ('PULSE_SERVER', 'unix:/mnt/wslg/PulseServer'), ('_', '/usr/bin/colcon'), ('ROS_VERSION', '2'), ('TERM', 'xterm-256color'), ('ROS_LOCALHOST_ONLY', '1'), ('PATH', '/home/user/.vscode-server/bin/38c31bc77e0dd6ae88a4e9cc93428cc27a56ba40/bin/remote-cli:/opt/ros/humble/bin:/usr/local/sbin:/usr/local/bin:/usr/sbin:/usr/bin:/sbin:/bin:/usr/games:/usr/local/games:/usr/lib/wsl/lib:/mnt/c/Program Files/Python310/Scripts/:/mnt/c/Program Files/Python310/:/mnt/c/WINDOWS/system32:/mnt/c/WINDOWS:/mnt/c/WINDOWS/System32/Wbem:/mnt/c/WINDOWS/System32/WindowsPowerShell/v1.0/:/mnt/c/WINDOWS/System32/OpenSSH/:/mnt/c/Program Files/dotnet/:/mnt/c/Program Files/NVIDIA Corporation/NVIDIA NvDLISR:/mnt/c/Program Files (x86)/NVIDIA Corporation/PhysX/Common:/mnt/c/msys64/mingw64/bin:/mnt/c/Program Files/PuTTY/:/mnt/c/Users/root/AppData/Roaming/Python/Python310/Scripts:/mnt/c/Program Files (x86)/Windows Kits/10/Windows Performance Toolkit/:/mnt/c/Program Files/Git/cmd:/mnt/c/Program Files/CMake/bin:/mnt/c/minikube:/mnt/c/ProgramData/chocolatey/bin:/mnt/c/Program Files/WireGuard/:/mnt/c/Users/root/bin:/mnt/c/Users/root/scoop/shims:/mnt/c/Users/root/AppData/Local/Programs/Python/Python311/Scripts/:/mnt/c/Users/root/AppData/Local/Programs/Python/Python311/:/mnt/c/Users/root/AppData/Local/Microsoft/WindowsApps:/mnt/c/Program Files/JetBrains/PyCharm Community Edition 2023.2.1/bin:/mnt/c/Users/root/AppData/Local/Programs/Microsoft VS Code/bin:/mnt/c/Users/root/go/bin:/snap/bin'), ('XDG_RUNTIME_DIR', '/run/user/1000/'), ('DISPLAY', ':0'), ('LANG', 'en_US.UTF-8'), ('LS_COLORS', 'rs=0:di=01;34:ln=01;36:mh=00:pi=40;33:so=01;35:do=01;35:bd=40;33;01:cd=40;33;01:or=40;31;01:mi=00:su=37;41:sg=30;43:ca=30;41:tw=30;42:ow=34;42:st=37;44:ex=01;32:*.tar=01;31:*.tgz=01;31:*.arc=01;31:*.arj=01;31:*.taz=01;31:*.lha=01;31:*.lz4=01;31:*.lzh=01;31:*.lzma=01;31:*.tlz=01;31:*.txz=01;31:*.tzo=01;31:*.t7z=01;31:*.zip=01;31:*.z=01;31:*.dz=01;31:*.gz=01;31:*.lrz=01;31:*.lz=01;31:*.lzo=01;31:*.xz=01;31:*.zst=01;31:*.tzst=01;31:*.bz2=01;31:*.bz=01;31:*.tbz=01;31:*.tbz2=01;31:*.tz=01;31:*.deb=01;31:*.rpm=01;31:*.jar=01;31:*.war=01;31:*.ear=01;31:*.sar=01;31:*.rar=01;31:*.alz=01;31:*.ace=01;31:*.zoo=01;31:*.cpio=01;31:*.7z=01;31:*.rz=01;31:*.cab=01;31:*.wim=01;31:*.swm=01;31:*.dwm=01;31:*.esd=01;31:*.jpg=01;35:*.jpeg=01;35:*.mjpg=01;35:*.mjpeg=01;35:*.gif=01;35:*.bmp=01;35:*.pbm=01;35:*.pgm=01;35:*.ppm=01;35:*.tga=01;35:*.xbm=01;35:*.xpm=01;35:*.tif=01;35:*.tiff=01;35:*.png=01;35:*.svg=01;35:*.svgz=01;35:*.mng=01;35:*.pcx=01;35:*.mov=01;35:*.mpg=01;35:*.mpeg=01;35:*.m2v=01;35:*.mkv=01;35:*.webm=01;35:*.webp=01;35:*.ogm=01;35:*.mp4=01;35:*.m4v=01;35:*.mp4v=01;35:*.vob=01;35:*.qt=01;35:*.nuv=01;35:*.wmv=01;35:*.asf=01;35:*.rm=01;35:*.rmvb=01;35:*.flc=01;35:*.avi=01;35:*.fli=01;35:*.flv=01;35:*.gl=01;35:*.dl=01;35:*.xcf=01;35:*.xwd=01;35:*.yuv=01;35:*.cgm=01;35:*.emf=01;35:*.ogv=01;35:*.ogx=01;35:*.aac=00;36:*.au=00;36:*.flac=00;36:*.m4a=00;36:*.mid=00;36:*.midi=00;36:*.mka=00;36:*.mp3=00;36:*.mpc=00;36:*.ogg=00;36:*.ra=00;36:*.wav=00;36:*.oga=00;36:*.opus=00;36:*.spx=00;36:*.xspf=00;36:'), ('VSCODE_GIT_IPC_HANDLE', '/run/user/1000/vscode-git-4c056e66b8.sock'), ('TERM_PROGRAM', 'vscode'), ('ROS_DOMAIN_ID', '0'), ('AMENT_PREFIX_PATH', '/home/user/ros2_ws/install/turtlesim:/opt/ros/humble'), ('SHELL', '/bin/bash'), ('LESSCLOSE', '/usr/bin/lesspipe %s %s'), ('VSCODE_GIT_ASKPASS_EXTRA_ARGS', ''), ('PWD', '/home/user/robotics/ex09/full_name/build/full_name'), ('XDG_DATA_DIRS', '/usr/local/share:/usr/share:/var/lib/snapd/desktop'), ('PYTHONPATH', '/home/user/ros2_ws/install/turtlesim/local/lib/python3.10/dist-packages:/opt/ros/humble/lib/python3.10/site-packages:/opt/ros/humble/local/lib/python3.10/dist-packages'), ('COLCON', '1'), ('WSL2_GUI_APPS_ENABLED', '1'), ('HOSTTYPE', 'x86_64'), ('CMAKE_PREFIX_PATH', '/home/user/ros2_ws/install/turtlesim:/opt/ros/humble'), ('WSLENV', 'VSCODE_WSL_EXT_LOCATION/up')]), 'shell': False}
[0.099858] (-) TimerEvent: {}
[0.152292] (full_name) StdoutLine: {'line': b'-- Found ament_cmake: 1.3.10 (/opt/ros/humble/share/ament_cmake/cmake)\n'}
[0.199968] (-) TimerEvent: {}
[0.287220] (full_name) StdoutLine: {'line': b'-- Found ament_lint_auto: 0.12.11 (/opt/ros/humble/share/ament_lint_auto/cmake)\n'}
[0.300265] (-) TimerEvent: {}
[0.342926] (full_name) StdoutLine: {'line': b'-- Found geometry_msgs: 4.2.4 (/opt/ros/humble/share/geometry_msgs/cmake)\n'}
[0.400373] (-) TimerEvent: {}
[0.484735] (full_name) StdoutLine: {'line': b'-- Found rosidl_generator_c: 3.1.5 (/opt/ros/humble/share/rosidl_generator_c/cmake)\n'}
[0.488993] (full_name) StdoutLine: {'line': b'-- Found rosidl_adapter: 3.1.5 (/opt/ros/humble/share/rosidl_adapter/cmake)\n'}
[0.500447] (-) TimerEvent: {}
[0.501076] (full_name) StdoutLine: {'line': b'-- Found rosidl_generator_cpp: 3.1.5 (/opt/ros/humble/share/rosidl_generator_cpp/cmake)\n'}
[0.519364] (full_name) StdoutLine: {'line': b'-- Using all available rosidl_typesupport_c: rosidl_typesupport_fastrtps_c;rosidl_typesupport_introspection_c\n'}
[0.539533] (full_name) StdoutLine: {'line': b'-- Using all available rosidl_typesupport_cpp: rosidl_typesupport_fastrtps_cpp;rosidl_typesupport_introspection_cpp\n'}
[0.589500] (full_name) StdoutLine: {'line': b'-- Found rosidl_default_generators: 1.2.0 (/opt/ros/humble/share/rosidl_default_generators/cmake)\n'}
[0.600535] (-) TimerEvent: {}
[0.700764] (-) TimerEvent: {}
[0.729726] (full_name) StdoutLine: {'line': b'-- Found ament_cmake_ros: 0.10.0 (/opt/ros/humble/share/ament_cmake_ros/cmake)\n'}
[0.800869] (-) TimerEvent: {}
[0.901145] (-) TimerEvent: {}
[0.931883] (full_name) StdoutLine: {'line': b'-- Using all available rosidl_typesupport_c: rosidl_typesupport_fastrtps_c;rosidl_typesupport_introspection_c\n'}
[1.001245] (-) TimerEvent: {}
[1.006219] (full_name) StdoutLine: {'line': b'-- Using all available rosidl_typesupport_cpp: rosidl_typesupport_fastrtps_cpp;rosidl_typesupport_introspection_cpp\n'}
[1.022845] (full_name) StdoutLine: {'line': b'-- Found python_cmake_module: 0.10.0 (/opt/ros/humble/share/python_cmake_module/cmake)\n'}
[1.040233] (full_name) StdoutLine: {'line': b'-- Using PYTHON_EXECUTABLE: /usr/bin/python3\n'}
[1.040376] (full_name) StdoutLine: {'line': b'-- Using PYTHON_INCLUDE_DIRS: /usr/include/python3.10\n'}
[1.040445] (full_name) StdoutLine: {'line': b'-- Using PYTHON_LIBRARIES: /usr/lib/x86_64-linux-gnu/libpython3.10.so\n'}
[1.049170] (full_name) StdoutLine: {'line': b'-- Found rclcpp: 16.0.10 (/opt/ros/humble/share/rclcpp/cmake)\n'}
[1.101322] (-) TimerEvent: {}
[1.103408] (full_name) StdoutLine: {'line': b'-- Found rmw_implementation_cmake: 6.1.2 (/opt/ros/humble/share/rmw_implementation_cmake/cmake)\n'}
[1.107287] (full_name) StdoutLine: {'line': b'-- Found rmw_fastrtps_cpp: 6.2.7 (/opt/ros/humble/share/rmw_fastrtps_cpp/cmake)\n'}
[1.201448] (-) TimerEvent: {}
[1.301765] (-) TimerEvent: {}
[1.402059] (-) TimerEvent: {}
[1.502357] (-) TimerEvent: {}
[1.602663] (-) TimerEvent: {}
[1.702970] (-) TimerEvent: {}
[1.803270] (-) TimerEvent: {}
[1.903754] (-) TimerEvent: {}
[2.004084] (-) TimerEvent: {}
[2.104399] (-) TimerEvent: {}
[2.204693] (-) TimerEvent: {}
[2.305000] (-) TimerEvent: {}
[2.405297] (-) TimerEvent: {}
[2.505592] (-) TimerEvent: {}
[2.605915] (-) TimerEvent: {}
[2.706220] (-) TimerEvent: {}
[2.806538] (-) TimerEvent: {}
[2.906826] (-) TimerEvent: {}
[3.007124] (-) TimerEvent: {}
[3.107411] (-) TimerEvent: {}
[3.207704] (-) TimerEvent: {}
[3.307997] (-) TimerEvent: {}
[3.408289] (-) TimerEvent: {}
[3.508606] (-) TimerEvent: {}
[3.608915] (-) TimerEvent: {}
[3.709223] (-) TimerEvent: {}
[3.809546] (-) TimerEvent: {}
[3.909851] (-) TimerEvent: {}
[4.010163] (-) TimerEvent: {}
[4.110485] (-) TimerEvent: {}
[4.181813] (full_name) StdoutLine: {'line': b"-- Using RMW implementation 'rmw_fastrtps_cpp' as default\n"}
[4.210582] (-) TimerEvent: {}
[4.245242] (full_name) StdoutLine: {'line': b'-- Found full_name: 0.0.0 (/home/user/robotics/ex09/full_name/install/full_name/share/full_name/cmake)\n'}
[4.298823] (full_name) StdoutLine: {'line': b"-- Added test 'cppcheck' to perform static code analysis on C / C++ code\n"}
[4.299492] (full_name) StdoutLine: {'line': b'-- Configured cppcheck include dirs: $<BUILD_INTERFACE:/home/user/robotics/ex09/full_name/build/full_name/rosidl_generator_c>;$<BUILD_INTERFACE:/home/user/robotics/ex09/full_name/build/full_name/rosidl_typesupport_fastrtps_c>;$<BUILD_INTERFACE:/home/user/robotics/ex09/full_name/build/full_name/rosidl_generator_cpp>;$<BUILD_INTERFACE:/home/user/robotics/ex09/full_name/build/full_name/rosidl_typesupport_fastrtps_cpp>;$<BUILD_INTERFACE:/home/user/robotics/ex09/full_name/build/full_name/rosidl_typesupport_introspection_c>;$<BUILD_INTERFACE:/home/user/robotics/ex09/full_name/build/full_name/rosidl_typesupport_introspection_cpp>;/home/user/robotics/ex09/full_name/build/full_name/rosidl_generator_c;/home/user/robotics/ex09/full_name/build/full_name/rosidl_generator_py;/home/user/robotics/ex09/full_name/install/full_name/include/full_name\n'}
[4.299588] (full_name) StdoutLine: {'line': b'-- Configured cppcheck exclude dirs and/or files: \n'}
[4.304443] (full_name) StdoutLine: {'line': b"-- Added test 'flake8' to check Python code syntax and style conventions\n"}
[4.310660] (-) TimerEvent: {}
[4.312884] (full_name) StdoutLine: {'line': b"-- Added test 'lint_cmake' to check CMake code style\n"}
[4.317561] (full_name) StdoutLine: {'line': b"-- Added test 'pep257' to check Python code against some of the docstring style conventions in PEP 257\n"}
[4.349466] (full_name) StdoutLine: {'line': b"-- Added test 'uncrustify' to check C / C++ code style\n"}
[4.349608] (full_name) StdoutLine: {'line': b'-- Configured uncrustify additional arguments: \n'}
[4.353970] (full_name) StdoutLine: {'line': b"-- Added test 'xmllint' to check XML markup files\n"}
[4.371609] (full_name) StdoutLine: {'line': b'-- Configuring done\n'}
[4.410759] (-) TimerEvent: {}
[4.448129] (full_name) StderrLine: {'line': b'\x1b[33mCMake Warning at CMakeLists.txt:37 (add_executable):\n'}
[4.448309] (full_name) StderrLine: {'line': b'  Cannot generate a safe runtime search path for target talker because there\n'}
[4.448400] (full_name) StderrLine: {'line': b'  is a cycle in the constraint graph:\n'}
[4.448508] (full_name) StderrLine: {'line': b'\n'}
[4.448568] (full_name) StderrLine: {'line': b'    dir 0 is [/opt/ros/humble/lib]\n'}
[4.448622] (full_name) StderrLine: {'line': b'    dir 1 is [/home/user/robotics/ex09/full_name/install/full_name/lib]\n'}
[4.448674] (full_name) StderrLine: {'line': b'      dir 2 must precede it due to runtime library [libfull_name__rosidl_typesupport_introspection_c.so]\n'}
[4.448732] (full_name) StderrLine: {'line': b'    dir 2 is [/home/user/robotics/ex09/full_name/build/full_name]\n'}
[4.448785] (full_name) StderrLine: {'line': b'      dir 1 must precede it due to runtime library [libfull_name__rosidl_typesupport_fastrtps_c.so]\n'}
[4.448834] (full_name) StderrLine: {'line': b'\n'}
[4.448883] (full_name) StderrLine: {'line': b'  Some of these libraries may not be found correctly.\n'}
[4.448932] (full_name) StderrLine: {'line': b'\n'}
[4.448982] (full_name) StderrLine: {'line': b'\x1b[0m\n'}
[4.451599] (full_name) StderrLine: {'line': b'\x1b[33mCMake Warning at CMakeLists.txt:40 (add_executable):\n'}
[4.451691] (full_name) StderrLine: {'line': b'  Cannot generate a safe runtime search path for target listener because\n'}
[4.451770] (full_name) StderrLine: {'line': b'  there is a cycle in the constraint graph:\n'}
[4.451836] (full_name) StderrLine: {'line': b'\n'}
[4.451883] (full_name) StderrLine: {'line': b'    dir 0 is [/opt/ros/humble/lib]\n'}
[4.451926] (full_name) StderrLine: {'line': b'    dir 1 is [/home/user/robotics/ex09/full_name/install/full_name/lib]\n'}
[4.451969] (full_name) StderrLine: {'line': b'      dir 2 must precede it due to runtime library [libfull_name__rosidl_typesupport_introspection_c.so]\n'}
[4.452018] (full_name) StderrLine: {'line': b'    dir 2 is [/home/user/robotics/ex09/full_name/build/full_name]\n'}
[4.452059] (full_name) StderrLine: {'line': b'      dir 1 must precede it due to runtime library [libfull_name__rosidl_typesupport_fastrtps_c.so]\n'}
[4.452098] (full_name) StderrLine: {'line': b'\n'}
[4.452137] (full_name) StderrLine: {'line': b'  Some of these libraries may not be found correctly.\n'}
[4.452175] (full_name) StderrLine: {'line': b'\n'}
[4.452212] (full_name) StderrLine: {'line': b'\x1b[0m\n'}
[4.469691] (full_name) StdoutLine: {'line': b'-- Generating done\n'}
[4.475821] (full_name) StdoutLine: {'line': b'-- Build files have been written to: /home/user/robotics/ex09/full_name/build/full_name\n'}
[4.508227] (full_name) StdoutLine: {'line': b'\x1b[35m\x1b[1mConsolidate compiler generated dependencies of target full_name__rosidl_generator_c\x1b[0m\n'}
[4.510854] (-) TimerEvent: {}
[4.511651] (full_name) StdoutLine: {'line': b'[  2%] Built target full_name__cpp\n'}
[4.516179] (full_name) StdoutLine: {'line': b'[ 11%] Built target full_name__rosidl_generator_c\n'}
[4.522405] (full_name) StdoutLine: {'line': b'\x1b[35m\x1b[1mConsolidate compiler generated dependencies of target full_name__rosidl_typesupport_cpp\x1b[0m\n'}
[4.522775] (full_name) StdoutLine: {'line': b'\x1b[35m\x1b[1mConsolidate compiler generated dependencies of target full_name__rosidl_typesupport_introspection_cpp\x1b[0m\n'}
[4.522901] (full_name) StdoutLine: {'line': b'\x1b[35m\x1b[1mConsolidate compiler generated dependencies of target full_name__rosidl_typesupport_fastrtps_cpp\x1b[0m\n'}
[4.523873] (full_name) StdoutLine: {'line': b'\x1b[35m\x1b[1mConsolidate compiler generated dependencies of target full_name__rosidl_typesupport_c\x1b[0m\n'}
[4.524235] (full_name) StdoutLine: {'line': b'\x1b[35m\x1b[1mConsolidate compiler generated dependencies of target full_name__rosidl_typesupport_introspection_c\x1b[0m\n'}
[4.524741] (full_name) StdoutLine: {'line': b'\x1b[35m\x1b[1mConsolidate compiler generated dependencies of target full_name__rosidl_typesupport_fastrtps_c\x1b[0m\n'}
[4.531374] (full_name) StdoutLine: {'line': b'[ 11%] Built target ament_cmake_python_copy_full_name\n'}
[4.532760] (full_name) StdoutLine: {'line': b'[ 20%] Built target full_name__rosidl_typesupport_introspection_cpp\n'}
[4.533071] (full_name) StdoutLine: {'line': b'[ 30%] Built target full_name__rosidl_typesupport_introspection_c\n'}
[4.533320] (full_name) StdoutLine: {'line': b'[ 39%] Built target full_name__rosidl_typesupport_c\n'}
[4.533639] (full_name) StdoutLine: {'line': b'[ 48%] Built target full_name__rosidl_typesupport_cpp\n'}
[4.535034] (full_name) StdoutLine: {'line': b'[ 58%] Built target full_name__rosidl_typesupport_fastrtps_cpp\n'}
[4.536542] (full_name) StdoutLine: {'line': b'[ 67%] Built target full_name__rosidl_typesupport_fastrtps_c\n'}
[4.545539] (full_name) StdoutLine: {'line': b'[ 69%] \x1b[32mBuilding CXX object CMakeFiles/talker.dir/src/client/full_name_client.cpp.o\x1b[0m\n'}
[4.545719] (full_name) StdoutLine: {'line': b'[ 72%] \x1b[32mBuilding CXX object CMakeFiles/listener.dir/src/server/full_name_server.cpp.o\x1b[0m\n'}
[4.551030] (full_name) StdoutLine: {'line': b'[ 72%] Built target full_name\n'}
[4.563922] (full_name) StdoutLine: {'line': b'[ 74%] Built target full_name__py\n'}
[4.571201] (full_name) StdoutLine: {'line': b'\x1b[35m\x1b[1mConsolidate compiler generated dependencies of target full_name__rosidl_generator_py\x1b[0m\n'}
[4.581323] (full_name) StdoutLine: {'line': b'[ 81%] Built target full_name__rosidl_generator_py\n'}
[4.589890] (full_name) StdoutLine: {'line': b'\x1b[35m\x1b[1mConsolidate compiler generated dependencies of target full_name__rosidl_typesupport_fastrtps_c__pyext\x1b[0m\n'}
[4.590093] (full_name) StdoutLine: {'line': b'\x1b[35m\x1b[1mConsolidate compiler generated dependencies of target full_name__rosidl_typesupport_introspection_c__pyext\x1b[0m\n'}
[4.590164] (full_name) StdoutLine: {'line': b'\x1b[35m\x1b[1mConsolidate compiler generated dependencies of target full_name__rosidl_typesupport_c__pyext\x1b[0m\n'}
[4.599104] (full_name) StdoutLine: {'line': b'[ 86%] Built target full_name__rosidl_typesupport_fastrtps_c__pyext\n'}
[4.599635] (full_name) StdoutLine: {'line': b'[ 90%] Built target full_name__rosidl_typesupport_introspection_c__pyext\n'}
[4.599829] (full_name) StdoutLine: {'line': b'[ 95%] Built target full_name__rosidl_typesupport_c__pyext\n'}
[4.610926] (-) TimerEvent: {}
[4.695566] (full_name) StdoutLine: {'line': b'running egg_info\n'}
[4.696032] (full_name) StdoutLine: {'line': b'writing full_name.egg-info/PKG-INFO\n'}
[4.696273] (full_name) StdoutLine: {'line': b'writing dependency_links to full_name.egg-info/dependency_links.txt\n'}
[4.696535] (full_name) StdoutLine: {'line': b'writing top-level names to full_name.egg-info/top_level.txt\n'}
[4.699572] (full_name) StdoutLine: {'line': b"reading manifest file 'full_name.egg-info/SOURCES.txt'\n"}
[4.700262] (full_name) StdoutLine: {'line': b"writing manifest file 'full_name.egg-info/SOURCES.txt'\n"}
[4.711040] (-) TimerEvent: {}
[4.718527] (full_name) StdoutLine: {'line': b'[ 95%] Built target ament_cmake_python_build_full_name_egg\n'}
[4.811154] (-) TimerEvent: {}
[4.911438] (-) TimerEvent: {}
[5.011720] (-) TimerEvent: {}
[5.112072] (-) TimerEvent: {}
[5.212399] (-) TimerEvent: {}
[5.244437] (full_name) StderrLine: {'line': b'\x1b[01m\x1b[K/home/user/robotics/ex09/full_name/src/client/full_name_client.cpp:2:10:\x1b[m\x1b[K \x1b[01;31m\x1b[Kfatal error: \x1b[m\x1b[Kmy_fullname_pkg/srv/full_name_sum_service.hpp: No such file or directory\n'}
[5.244644] (full_name) StderrLine: {'line': b'    2 | #include \x1b[01;31m\x1b[K"my_fullname_pkg/srv/full_name_sum_service.hpp"\x1b[m\x1b[K\n'}
[5.244716] (full_name) StderrLine: {'line': b'      |          \x1b[01;31m\x1b[K^~~~~~~~~~~~~~~~~~~~~~~~~~~~~~~~~~~~~~~~~~~~~~~\x1b[m\x1b[K\n'}
[5.244772] (full_name) StderrLine: {'line': b'\x1b[01m\x1b[K/home/user/robotics/ex09/full_name/src/server/full_name_server.cpp:2:10:\x1b[m\x1b[K \x1b[01;31m\x1b[Kfatal error: \x1b[m\x1b[Kmy_fullname_pkg/srv/full_name_sum_service.hpp: No such file or directory\n'}
[5.244826] (full_name) StderrLine: {'line': b'    2 | #include \x1b[01;31m\x1b[K"my_fullname_pkg/srv/full_name_sum_service.hpp"\x1b[m\x1b[K\n'}
[5.244879] (full_name) StderrLine: {'line': b'      |          \x1b[01;31m\x1b[K^~~~~~~~~~~~~~~~~~~~~~~~~~~~~~~~~~~~~~~~~~~~~~~\x1b[m\x1b[K\n'}
[5.244929] (full_name) StderrLine: {'line': b'compilation terminated.\n'}
[5.244980] (full_name) StderrLine: {'line': b'compilation terminated.\n'}
[5.247669] (full_name) StderrLine: {'line': b'gmake[2]: *** [CMakeFiles/listener.dir/build.make:76: CMakeFiles/listener.dir/src/server/full_name_server.cpp.o] Error 1\n'}
[5.247804] (full_name) StderrLine: {'line': b'gmake[2]: *** [CMakeFiles/talker.dir/build.make:76: CMakeFiles/talker.dir/src/client/full_name_client.cpp.o] Error 1\n'}
[5.247973] (full_name) StderrLine: {'line': b'gmake[1]: *** [CMakeFiles/Makefile2:626: CMakeFiles/listener.dir/all] Error 2\n'}
[5.248102] (full_name) StderrLine: {'line': b'gmake[1]: *** Waiting for unfinished jobs....\n'}
[5.248175] (full_name) StderrLine: {'line': b'gmake[1]: *** [CMakeFiles/Makefile2:597: CMakeFiles/talker.dir/all] Error 2\n'}
[5.248226] (full_name) StderrLine: {'line': b'gmake: *** [Makefile:146: all] Error 2\n'}
[5.249859] (full_name) CommandEnded: {'returncode': 2}
[5.312495] (-) TimerEvent: {}
[5.333978] (full_name) JobEnded: {'identifier': 'full_name', 'rc': 2}
[5.344523] (-) EventReactorShutdown: {}
